CRITICAL - 2024-11-11 15:10:39 --> Error: Call to undefined function base_ur()
[Method: GET, Route: usuarios/create]
in APPPATH\Views\componentes\aside.php on line 24.
 1 SYSTEMPATH\View\View.php(234): include()
 2 SYSTEMPATH\View\View.php(237): CodeIgniter\View\View->CodeIgniter\View\{closure}()
 3 SYSTEMPATH\View\View.php(487): CodeIgniter\View\View->render('componentes/aside', null, true)
 4 APPPATH\Views\plantilla.php(14): CodeIgniter\View\View->include('componentes/aside')
 5 SYSTEMPATH\View\View.php(234): include('C:\\laragon\\www\\fotobook\\app\\Views\\plantilla.php')
 6 SYSTEMPATH\View\View.php(237): CodeIgniter\View\View->CodeIgniter\View\{closure}()
 7 SYSTEMPATH\View\View.php(250): CodeIgniter\View\View->render('plantilla', [], true)
 8 SYSTEMPATH\Common.php(1171): CodeIgniter\View\View->render('usuarios/create', [], true)
 9 APPPATH\Controllers\UsuarioController.php(45): view('usuarios/create')
10 SYSTEMPATH\CodeIgniter.php(933): App\Controllers\UsuarioController->create()
11 SYSTEMPATH\CodeIgniter.php(509): CodeIgniter\CodeIgniter->runController(Object(App\Controllers\UsuarioController))
12 SYSTEMPATH\CodeIgniter.php(355): CodeIgniter\CodeIgniter->handleRequest(null, Object(Config\Cache), false)
13 SYSTEMPATH\Boot.php(325): CodeIgniter\CodeIgniter->run()
14 SYSTEMPATH\Boot.php(67): CodeIgniter\Boot::runCodeIgniter(Object(CodeIgniter\CodeIgniter))
15 FCPATH\index.php(56): CodeIgniter\Boot::bootWeb(Object(Config\Paths))
CRITICAL - 2024-11-11 15:10:39 --> Error: Call to undefined function base_ur()
[Method: GET, Route: usuarios/create]
in APPPATH\Views\componentes\aside.php on line 24.
 1 SYSTEMPATH\View\View.php(234): include()
 2 SYSTEMPATH\View\View.php(237): CodeIgniter\View\View->CodeIgniter\View\{closure}()
 3 SYSTEMPATH\View\View.php(487): CodeIgniter\View\View->render('componentes/aside', null, true)
 4 APPPATH\Views\plantilla.php(14): CodeIgniter\View\View->include('componentes/aside')
 5 SYSTEMPATH\View\View.php(234): include('C:\\laragon\\www\\fotobook\\app\\Views\\plantilla.php')
 6 SYSTEMPATH\View\View.php(237): CodeIgniter\View\View->CodeIgniter\View\{closure}()
 7 SYSTEMPATH\View\View.php(250): CodeIgniter\View\View->render('plantilla', [], true)
 8 SYSTEMPATH\Common.php(1171): CodeIgniter\View\View->render('usuarios/create', [], true)
 9 APPPATH\Controllers\UsuarioController.php(45): view('usuarios/create')
10 SYSTEMPATH\CodeIgniter.php(933): App\Controllers\UsuarioController->create()
11 SYSTEMPATH\CodeIgniter.php(509): CodeIgniter\CodeIgniter->runController(Object(App\Controllers\UsuarioController))
12 SYSTEMPATH\CodeIgniter.php(355): CodeIgniter\CodeIgniter->handleRequest(null, Object(Config\Cache), false)
13 SYSTEMPATH\Boot.php(325): CodeIgniter\CodeIgniter->run()
14 SYSTEMPATH\Boot.php(67): CodeIgniter\Boot::runCodeIgniter(Object(CodeIgniter\CodeIgniter))
15 FCPATH\index.php(56): CodeIgniter\Boot::bootWeb(Object(Config\Paths))
CRITICAL - 2024-11-11 15:11:07 --> ErrorException: Trying to access array offset on value of type null
[Method: GET, Route: usuarios/1223/edit]
in APPPATH\Views\usuarios\edit.php on line 5.
 1 APPPATH\Views\usuarios\edit.php(5): CodeIgniter\Debug\Exceptions->errorHandler(2, 'Trying to access array offset on value of type null', 'C:\\laragon\\www\\fotobook\\app\\Views\\usuarios\\edit.php', 5)
 2 SYSTEMPATH\View\View.php(234): include('C:\\laragon\\www\\fotobook\\app\\Views\\usuarios\\edit.php')
 3 SYSTEMPATH\View\View.php(237): CodeIgniter\View\View->CodeIgniter\View\{closure}()
 4 SYSTEMPATH\Common.php(1171): CodeIgniter\View\View->render('usuarios/edit', [], true)
 5 APPPATH\Controllers\UsuarioController.php(75): view('usuarios/edit', [...])
 6 SYSTEMPATH\CodeIgniter.php(933): App\Controllers\UsuarioController->edit('1223')
 7 SYSTEMPATH\CodeIgniter.php(509): CodeIgniter\CodeIgniter->runController(Object(App\Controllers\UsuarioController))
 8 SYSTEMPATH\CodeIgniter.php(355): CodeIgniter\CodeIgniter->handleRequest(null, Object(Config\Cache), false)
 9 SYSTEMPATH\Boot.php(325): CodeIgniter\CodeIgniter->run()
10 SYSTEMPATH\Boot.php(67): CodeIgniter\Boot::runCodeIgniter(Object(CodeIgniter\CodeIgniter))
11 FCPATH\index.php(56): CodeIgniter\Boot::bootWeb(Object(Config\Paths))
CRITICAL - 2024-11-11 15:11:07 --> Error: Call to undefined function base_ur()
[Method: GET, Route: usuarios]
in APPPATH\Views\componentes\aside.php on line 24.
 1 SYSTEMPATH\View\View.php(234): include()
 2 SYSTEMPATH\View\View.php(237): CodeIgniter\View\View->CodeIgniter\View\{closure}()
 3 SYSTEMPATH\View\View.php(487): CodeIgniter\View\View->render('componentes/aside', null, true)
 4 APPPATH\Views\plantilla.php(14): CodeIgniter\View\View->include('componentes/aside')
 5 SYSTEMPATH\View\View.php(234): include('C:\\laragon\\www\\fotobook\\app\\Views\\plantilla.php')
 6 SYSTEMPATH\View\View.php(237): CodeIgniter\View\View->CodeIgniter\View\{closure}()
 7 SYSTEMPATH\View\View.php(250): CodeIgniter\View\View->render('plantilla', [], true)
 8 SYSTEMPATH\Common.php(1171): CodeIgniter\View\View->render('usuarios/index', [], true)
 9 APPPATH\Controllers\UsuarioController.php(29): view('usuarios/index', [...])
10 SYSTEMPATH\CodeIgniter.php(933): App\Controllers\UsuarioController->index()
11 SYSTEMPATH\CodeIgniter.php(509): CodeIgniter\CodeIgniter->runController(Object(App\Controllers\UsuarioController))
12 SYSTEMPATH\CodeIgniter.php(355): CodeIgniter\CodeIgniter->handleRequest(null, Object(Config\Cache), false)
13 SYSTEMPATH\Boot.php(325): CodeIgniter\CodeIgniter->run()
14 SYSTEMPATH\Boot.php(67): CodeIgniter\Boot::runCodeIgniter(Object(CodeIgniter\CodeIgniter))
15 FCPATH\index.php(56): CodeIgniter\Boot::bootWeb(Object(Config\Paths))
CRITICAL - 2024-11-11 15:11:16 --> Error: Call to undefined function base_ur()
[Method: GET, Route: usuarios/create]
in APPPATH\Views\componentes\aside.php on line 24.
 1 SYSTEMPATH\View\View.php(234): include()
 2 SYSTEMPATH\View\View.php(237): CodeIgniter\View\View->CodeIgniter\View\{closure}()
 3 SYSTEMPATH\View\View.php(487): CodeIgniter\View\View->render('componentes/aside', null, true)
 4 APPPATH\Views\plantilla.php(14): CodeIgniter\View\View->include('componentes/aside')
 5 SYSTEMPATH\View\View.php(234): include('C:\\laragon\\www\\fotobook\\app\\Views\\plantilla.php')
 6 SYSTEMPATH\View\View.php(237): CodeIgniter\View\View->CodeIgniter\View\{closure}()
 7 SYSTEMPATH\View\View.php(250): CodeIgniter\View\View->render('plantilla', [], true)
 8 SYSTEMPATH\Common.php(1171): CodeIgniter\View\View->render('usuarios/create', [], true)
 9 APPPATH\Controllers\UsuarioController.php(45): view('usuarios/create')
10 SYSTEMPATH\CodeIgniter.php(933): App\Controllers\UsuarioController->create()
11 SYSTEMPATH\CodeIgniter.php(509): CodeIgniter\CodeIgniter->runController(Object(App\Controllers\UsuarioController))
12 SYSTEMPATH\CodeIgniter.php(355): CodeIgniter\CodeIgniter->handleRequest(null, Object(Config\Cache), false)
13 SYSTEMPATH\Boot.php(325): CodeIgniter\CodeIgniter->run()
14 SYSTEMPATH\Boot.php(67): CodeIgniter\Boot::runCodeIgniter(Object(CodeIgniter\CodeIgniter))
15 FCPATH\index.php(56): CodeIgniter\Boot::bootWeb(Object(Config\Paths))
CRITICAL - 2024-11-11 15:11:17 --> Error: Call to undefined function base_ur()
[Method: GET, Route: usuarios/create]
in APPPATH\Views\componentes\aside.php on line 24.
 1 SYSTEMPATH\View\View.php(234): include()
 2 SYSTEMPATH\View\View.php(237): CodeIgniter\View\View->CodeIgniter\View\{closure}()
 3 SYSTEMPATH\View\View.php(487): CodeIgniter\View\View->render('componentes/aside', null, true)
 4 APPPATH\Views\plantilla.php(14): CodeIgniter\View\View->include('componentes/aside')
 5 SYSTEMPATH\View\View.php(234): include('C:\\laragon\\www\\fotobook\\app\\Views\\plantilla.php')
 6 SYSTEMPATH\View\View.php(237): CodeIgniter\View\View->CodeIgniter\View\{closure}()
 7 SYSTEMPATH\View\View.php(250): CodeIgniter\View\View->render('plantilla', [], true)
 8 SYSTEMPATH\Common.php(1171): CodeIgniter\View\View->render('usuarios/create', [], true)
 9 APPPATH\Controllers\UsuarioController.php(45): view('usuarios/create')
10 SYSTEMPATH\CodeIgniter.php(933): App\Controllers\UsuarioController->create()
11 SYSTEMPATH\CodeIgniter.php(509): CodeIgniter\CodeIgniter->runController(Object(App\Controllers\UsuarioController))
12 SYSTEMPATH\CodeIgniter.php(355): CodeIgniter\CodeIgniter->handleRequest(null, Object(Config\Cache), false)
13 SYSTEMPATH\Boot.php(325): CodeIgniter\CodeIgniter->run()
14 SYSTEMPATH\Boot.php(67): CodeIgniter\Boot::runCodeIgniter(Object(CodeIgniter\CodeIgniter))
15 FCPATH\index.php(56): CodeIgniter\Boot::bootWeb(Object(Config\Paths))
